# JRE version: OpenJDK Runtime Environment Temurin-21.0.8+9 (21.0.8+9) (build 21.0.8+9-LTS)
# Java VM: OpenJDK 64-Bit Server VM Temurin-21.0.8+9 (21.0.8+9-LTS, mixed mode, sharing, tiered, compressed oops, compressed class ptrs, parallel gc, windows-amd64)
GC Precious Log:
 CardTable entry size: 512
 CPUs: 16 total, 16 available
 Memory: 16055M
 Large Page Support: Disabled
 NUMA Support: Disabled
 Compressed Oops: Enabled (32-bit)
 Alignments: Space 512K, Generation 512K, Heap 2M
 Heap Min Capacity: 100M
 Heap Initial Capacity: 100M
 Heap Max Capacity: 2G
 Pre-touch: Disabled
 Parallel Workers: 13
Heap:
 PSYoungGen      total 15872K, used 14677K [0x00000000d5580000, 0x00000000d6680000, 0x0000000100000000)
  eden space 14848K, 94% used [0x00000000d5580000,0x00000000d633d688,0x00000000d6400000)
  from space 1024K, 59% used [0x00000000d6580000,0x00000000d6618000,0x00000000d6680000)
  to   space 1024K, 0% used [0x00000000d6400000,0x00000000d6400000,0x00000000d6500000)
 ParOldGen       total 68608K, used 33407K [0x0000000080000000, 0x0000000084300000, 0x00000000d5580000)
  object space 68608K, 48% used [0x0000000080000000,0x000000008209fdc0,0x0000000084300000)
 Metaspace       used 39828K, committed 41024K, reserved 1114112K
  class space    used 4154K, committed 4672K, reserved 1048576K
GC Heap History (20 events):
Event: 4.849 GC heap before
{Heap before GC invocations=17 (full 1):
 PSYoungGen      total 15872K, used 15839K [0x00000000d5580000, 0x00000000d6880000, 0x0000000100000000)
  eden space 14848K, 99% used [0x00000000d5580000,0x00000000d63ffff8,0x00000000d6400000)
  from space 1024K, 96% used [0x00000000d6400000,0x00000000d64f8000,0x00000000d6500000)
  to   space 2048K, 0% used [0x00000000d6680000,0x00000000d6680000,0x00000000d6880000)
 ParOldGen       total 68608K, used 29406K [0x0000000080000000, 0x0000000084300000, 0x00000000d5580000)
  object space 68608K, 42% used [0x0000000080000000,0x0000000081cb7b08,0x0000000084300000)
 Metaspace       used 30269K, committed 31168K, reserved 1114112K
  class space    used 2937K, committed 3328K, reserved 1048576K
}
Event: 4.852 GC heap after
{Heap after GC invocations=17 (full 1):
 PSYoungGen      total 16384K, used 1465K [0x00000000d5580000, 0x00000000d6800000, 0x0000000100000000)
  eden space 14848K, 0% used [0x00000000d5580000,0x00000000d5580000,0x00000000d6400000)
  from space 1536K, 95% used [0x00000000d6680000,0x00000000d67ee638,0x00000000d6800000)
  to   space 2048K, 0% used [0x00000000d6400000,0x00000000d6400000,0x00000000d6600000)
 ParOldGen       total 68608K, used 30262K [0x0000000080000000, 0x0000000084300000, 0x00000000d5580000)
  object space 68608K, 44% used [0x0000000080000000,0x0000000081d8db48,0x0000000084300000)
 Metaspace       used 30269K, committed 31168K, reserved 1114112K
  class space    used 2937K, committed 3328K, reserved 1048576K
}
Event: 4.918 GC heap before
{Heap before GC invocations=18 (full 1):
 PSYoungGen      total 16384K, used 16313K [0x00000000d5580000, 0x00000000d6800000, 0x0000000100000000)
  eden space 14848K, 100% used [0x00000000d5580000,0x00000000d6400000,0x00000000d6400000)
  from space 1536K, 95% used [0x00000000d6680000,0x00000000d67ee638,0x00000000d6800000)
  to   space 2048K, 0% used [0x00000000d6400000,0x00000000d6400000,0x00000000d6600000)
 ParOldGen       total 68608K, used 30262K [0x0000000080000000, 0x0000000084300000, 0x00000000d5580000)
  object space 68608K, 44% used [0x0000000080000000,0x0000000081d8db48,0x0000000084300000)
 Metaspace       used 31240K, committed 32192K, reserved 1114112K
  class space    used 3051K, committed 3456K, reserved 1048576K
}
Event: 4.920 GC heap after
{Heap after GC invocations=18 (full 1):
 PSYoungGen      total 16384K, used 1129K [0x00000000d5580000, 0x00000000d6700000, 0x0000000100000000)
  eden space 14848K, 0% used [0x00000000d5580000,0x00000000d5580000,0x00000000d6400000)
  from space 1536K, 73% used [0x00000000d6400000,0x00000000d651a6c0,0x00000000d6580000)
  to   space 1536K, 0% used [0x00000000d6580000,0x00000000d6580000,0x00000000d6700000)
 ParOldGen       total 68608K, used 31595K [0x0000000080000000, 0x0000000084300000, 0x00000000d5580000)
  object space 68608K, 46% used [0x0000000080000000,0x0000000081edac40,0x0000000084300000)
 Metaspace       used 31240K, committed 32192K, reserved 1114112K
  class space    used 3051K, committed 3456K, reserved 1048576K
}
Event: 4.982 GC heap before
{Heap before GC invocations=19 (full 1):
 PSYoungGen      total 16384K, used 15976K [0x00000000d5580000, 0x00000000d6700000, 0x0000000100000000)
  eden space 14848K, 99% used [0x00000000d5580000,0x00000000d63ffa30,0x00000000d6400000)
  from space 1536K, 73% used [0x00000000d6400000,0x00000000d651a6c0,0x00000000d6580000)
  to   space 1536K, 0% used [0x00000000d6580000,0x00000000d6580000,0x00000000d6700000)
 ParOldGen       total 68608K, used 31595K [0x0000000080000000, 0x0000000084300000, 0x00000000d5580000)
  object space 68608K, 46% used [0x0000000080000000,0x0000000081edac40,0x0000000084300000)
 Metaspace       used 32565K, committed 33600K, reserved 1114112K
  class space    used 3220K, committed 3712K, reserved 1048576K
}
Event: 4.983 GC heap after
{Heap after GC invocations=19 (full 1):
 PSYoungGen      total 15360K, used 480K [0x00000000d5580000, 0x00000000d6600000, 0x0000000100000000)
  eden space 14848K, 0% used [0x00000000d5580000,0x00000000d5580000,0x00000000d6400000)
  from space 512K, 93% used [0x00000000d6580000,0x00000000d65f8000,0x00000000d6600000)
  to   space 1024K, 0% used [0x00000000d6400000,0x00000000d6400000,0x00000000d6500000)
 ParOldGen       total 68608K, used 32564K [0x0000000080000000, 0x0000000084300000, 0x00000000d5580000)
  object space 68608K, 47% used [0x0000000080000000,0x0000000081fcd290,0x0000000084300000)
 Metaspace       used 32565K, committed 33600K, reserved 1114112K
  class space    used 3220K, committed 3712K, reserved 1048576K
}
Event: 5.216 GC heap before
{Heap before GC invocations=20 (full 1):
 PSYoungGen      total 15360K, used 15328K [0x00000000d5580000, 0x00000000d6600000, 0x0000000100000000)
  eden space 14848K, 100% used [0x00000000d5580000,0x00000000d6400000,0x00000000d6400000)
  from space 512K, 93% used [0x00000000d6580000,0x00000000d65f8000,0x00000000d6600000)
  to   space 1024K, 0% used [0x00000000d6400000,0x00000000d6400000,0x00000000d6500000)
 ParOldGen       total 68608K, used 32564K [0x0000000080000000, 0x0000000084300000, 0x00000000d5580000)
  object space 68608K, 47% used [0x0000000080000000,0x0000000081fcd290,0x0000000084300000)
 Metaspace       used 33922K, committed 35008K, reserved 1114112K
  class space    used 3394K, committed 3840K, reserved 1048576K
}
Event: 5.217 GC heap after
{Heap after GC invocations=20 (full 1):
 PSYoungGen      total 15872K, used 1008K [0x00000000d5580000, 0x00000000d6900000, 0x0000000100000000)
  eden space 14848K, 0% used [0x00000000d5580000,0x00000000d5580000,0x00000000d6400000)
  from space 1024K, 98% used [0x00000000d6400000,0x00000000d64fc010,0x00000000d6500000)
  to   space 2560K, 0% used [0x00000000d6680000,0x00000000d6680000,0x00000000d6900000)
 ParOldGen       total 68608K, used 33404K [0x0000000080000000, 0x0000000084300000, 0x00000000d5580000)
  object space 68608K, 48% used [0x0000000080000000,0x000000008209f2c0,0x0000000084300000)
 Metaspace       used 33922K, committed 35008K, reserved 1114112K
  class space    used 3394K, committed 3840K, reserved 1048576K
}
Event: 5.317 GC heap before
{Heap before GC invocations=21 (full 1):
 PSYoungGen      total 15872K, used 13195K [0x00000000d5580000, 0x00000000d6900000, 0x0000000100000000)
  eden space 14848K, 82% used [0x00000000d5580000,0x00000000d6166cd0,0x00000000d6400000)
  from space 1024K, 98% used [0x00000000d6400000,0x00000000d64fc010,0x00000000d6500000)
  to   space 2560K, 0% used [0x00000000d6680000,0x00000000d6680000,0x00000000d6900000)
 ParOldGen       total 68608K, used 33404K [0x0000000080000000, 0x0000000084300000, 0x00000000d5580000)
  object space 68608K, 48% used [0x0000000080000000,0x000000008209f2c0,0x0000000084300000)
 Metaspace       used 34779K, committed 35840K, reserved 1114112K
  class space    used 3499K, committed 3968K, reserved 1048576K
}
Event: 5.319 GC heap after
{Heap after GC invocations=21 (full 1):
 PSYoungGen      total 15872K, used 944K [0x00000000d5580000, 0x00000000d6780000, 0x0000000100000000)
  eden space 14848K, 0% used [0x00000000d5580000,0x00000000d5580000,0x00000000d6400000)
  from space 1024K, 92% used [0x00000000d6680000,0x00000000d676c178,0x00000000d6780000)
  to   space 1536K, 0% used [0x00000000d6480000,0x00000000d6480000,0x00000000d6600000)
 ParOldGen       total 68608K, used 34378K [0x0000000080000000, 0x0000000084300000, 0x00000000d5580000)
  object space 68608K, 50% used [0x0000000080000000,0x0000000082192b88,0x0000000084300000)
 Metaspace       used 34779K, committed 35840K, reserved 1114112K
  class space    used 3499K, committed 3968K, reserved 1048576K
}
Event: 5.319 GC heap before
{Heap before GC invocations=22 (full 2):
 PSYoungGen      total 15872K, used 944K [0x00000000d5580000, 0x00000000d6780000, 0x0000000100000000)
  eden space 14848K, 0% used [0x00000000d5580000,0x00000000d5580000,0x00000000d6400000)
  from space 1024K, 92% used [0x00000000d6680000,0x00000000d676c178,0x00000000d6780000)
  to   space 1536K, 0% used [0x00000000d6480000,0x00000000d6480000,0x00000000d6600000)
 ParOldGen       total 68608K, used 34378K [0x0000000080000000, 0x0000000084300000, 0x00000000d5580000)
  object space 68608K, 50% used [0x0000000080000000,0x0000000082192b88,0x0000000084300000)
 Metaspace       used 34779K, committed 35840K, reserved 1114112K
  class space    used 3499K, committed 3968K, reserved 1048576K
}
Event: 5.358 GC heap after
{Heap after GC invocations=22 (full 2):
 PSYoungGen      total 15872K, used 0K [0x00000000d5580000, 0x00000000d6780000, 0x0000000100000000)
  eden space 14848K, 0% used [0x00000000d5580000,0x00000000d5580000,0x00000000d6400000)
  from space 1024K, 0% used [0x00000000d6680000,0x00000000d6680000,0x00000000d6780000)
  to   space 1536K, 0% used [0x00000000d6480000,0x00000000d6480000,0x00000000d6600000)
 ParOldGen       total 68608K, used 31560K [0x0000000080000000, 0x0000000084300000, 0x00000000d5580000)
  object space 68608K, 46% used [0x0000000080000000,0x0000000081ed2160,0x0000000084300000)
 Metaspace       used 34754K, committed 35840K, reserved 1114112K
  class space    used 3492K, committed 3968K, reserved 1048576K
}
Event: 5.422 GC heap before
{Heap before GC invocations=23 (full 2):
 PSYoungGen      total 15872K, used 14848K [0x00000000d5580000, 0x00000000d6780000, 0x0000000100000000)
  eden space 14848K, 100% used [0x00000000d5580000,0x00000000d6400000,0x00000000d6400000)
  from space 1024K, 0% used [0x00000000d6680000,0x00000000d6680000,0x00000000d6780000)
  to   space 1536K, 0% used [0x00000000d6480000,0x00000000d6480000,0x00000000d6600000)
 ParOldGen       total 68608K, used 31560K [0x0000000080000000, 0x0000000084300000, 0x00000000d5580000)
  object space 68608K, 46% used [0x0000000080000000,0x0000000081ed2160,0x0000000084300000)
 Metaspace       used 35297K, committed 36416K, reserved 1114112K
  class space    used 3574K, committed 4032K, reserved 1048576K
}
Event: 5.423 GC heap after
{Heap after GC invocations=23 (full 2):
 PSYoungGen      total 16384K, used 736K [0x00000000d5580000, 0x00000000d6700000, 0x0000000100000000)
  eden space 14848K, 0% used [0x00000000d5580000,0x00000000d5580000,0x00000000d6400000)
  from space 1536K, 47% used [0x00000000d6480000,0x00000000d6538000,0x00000000d6600000)
  to   space 1024K, 0% used [0x00000000d6600000,0x00000000d6600000,0x00000000d6700000)
 ParOldGen       total 68608K, used 31568K [0x0000000080000000, 0x0000000084300000, 0x00000000d5580000)
  object space 68608K, 46% used [0x0000000080000000,0x0000000081ed4160,0x0000000084300000)
 Metaspace       used 35297K, committed 36416K, reserved 1114112K
  class space    used 3574K, committed 4032K, reserved 1048576K
}
Event: 5.527 GC heap before
{Heap before GC invocations=24 (full 2):
 PSYoungGen      total 16384K, used 15584K [0x00000000d5580000, 0x00000000d6700000, 0x0000000100000000)
  eden space 14848K, 100% used [0x00000000d5580000,0x00000000d6400000,0x00000000d6400000)
  from space 1536K, 47% used [0x00000000d6480000,0x00000000d6538000,0x00000000d6600000)
  to   space 1024K, 0% used [0x00000000d6600000,0x00000000d6600000,0x00000000d6700000)
 ParOldGen       total 68608K, used 31568K [0x0000000080000000, 0x0000000084300000, 0x00000000d5580000)
  object space 68608K, 46% used [0x0000000080000000,0x0000000081ed4160,0x0000000084300000)
 Metaspace       used 36529K, committed 37632K, reserved 1114112K
  class space    used 3716K, committed 4160K, reserved 1048576K
}
Event: 5.528 GC heap after
{Heap after GC invocations=24 (full 2):
 PSYoungGen      total 15872K, used 1014K [0x00000000d5580000, 0x00000000d6800000, 0x0000000100000000)
  eden space 14848K, 0% used [0x00000000d5580000,0x00000000d5580000,0x00000000d6400000)
  from space 1024K, 99% used [0x00000000d6600000,0x00000000d66fdb70,0x00000000d6700000)
  to   space 2048K, 0% used [0x00000000d6400000,0x00000000d6400000,0x00000000d6600000)
 ParOldGen       total 68608K, used 32327K [0x0000000080000000, 0x0000000084300000, 0x00000000d5580000)
  object space 68608K, 47% used [0x0000000080000000,0x0000000081f91db0,0x0000000084300000)
 Metaspace       used 36529K, committed 37632K, reserved 1114112K
  class space    used 3716K, committed 4160K, reserved 1048576K
}
Event: 5.698 GC heap before
{Heap before GC invocations=25 (full 2):
 PSYoungGen      total 15872K, used 15862K [0x00000000d5580000, 0x00000000d6800000, 0x0000000100000000)
  eden space 14848K, 100% used [0x00000000d5580000,0x00000000d6400000,0x00000000d6400000)
  from space 1024K, 99% used [0x00000000d6600000,0x00000000d66fdb70,0x00000000d6700000)
  to   space 2048K, 0% used [0x00000000d6400000,0x00000000d6400000,0x00000000d6600000)
 ParOldGen       total 68608K, used 32327K [0x0000000080000000, 0x0000000084300000, 0x00000000d5580000)
  object space 68608K, 47% used [0x0000000080000000,0x0000000081f91db0,0x0000000084300000)
 Metaspace       used 37827K, committed 38976K, reserved 1114112K
  class space    used 3895K, committed 4416K, reserved 1048576K
}
Event: 5.700 GC heap after
{Heap after GC invocations=25 (full 2):
 PSYoungGen      total 15872K, used 992K [0x00000000d5580000, 0x00000000d6700000, 0x0000000100000000)
  eden space 14848K, 0% used [0x00000000d5580000,0x00000000d5580000,0x00000000d6400000)
  from space 1024K, 96% used [0x00000000d6400000,0x00000000d64f8000,0x00000000d6500000)
  to   space 1536K, 0% used [0x00000000d6580000,0x00000000d6580000,0x00000000d6700000)
 ParOldGen       total 68608K, used 32711K [0x0000000080000000, 0x0000000084300000, 0x00000000d5580000)
  object space 68608K, 47% used [0x0000000080000000,0x0000000081ff1dc0,0x0000000084300000)
 Metaspace       used 37827K, committed 38976K, reserved 1114112K
  class space    used 3895K, committed 4416K, reserved 1048576K
}
Event: 5.928 GC heap before
{Heap before GC invocations=26 (full 2):
 PSYoungGen      total 15872K, used 15840K [0x00000000d5580000, 0x00000000d6700000, 0x0000000100000000)
  eden space 14848K, 100% used [0x00000000d5580000,0x00000000d6400000,0x00000000d6400000)
  from space 1024K, 96% used [0x00000000d6400000,0x00000000d64f8000,0x00000000d6500000)
  to   space 1536K, 0% used [0x00000000d6580000,0x00000000d6580000,0x00000000d6700000)
 ParOldGen       total 68608K, used 32711K [0x0000000080000000, 0x0000000084300000, 0x00000000d5580000)
  object space 68608K, 47% used [0x0000000080000000,0x0000000081ff1dc0,0x0000000084300000)
 Metaspace       used 38633K, committed 39808K, reserved 1114112K
  class space    used 4006K, committed 4544K, reserved 1048576K
}
Event: 5.930 GC heap after
{Heap after GC invocations=26 (full 2):
 PSYoungGen      total 15872K, used 608K [0x00000000d5580000, 0x00000000d6680000, 0x0000000100000000)
  eden space 14848K, 0% used [0x00000000d5580000,0x00000000d5580000,0x00000000d6400000)
  from space 1024K, 59% used [0x00000000d6580000,0x00000000d6618000,0x00000000d6680000)
  to   space 1024K, 0% used [0x00000000d6400000,0x00000000d6400000,0x00000000d6500000)
 ParOldGen       total 68608K, used 33407K [0x0000000080000000, 0x0000000084300000, 0x00000000d5580000)
  object space 68608K, 48% used [0x0000000080000000,0x000000008209fdc0,0x0000000084300000)
 Metaspace       used 38633K, committed 39808K, reserved 1114112K
  class space    used 4006K, committed 4544K, reserved 1048576K
}

